2023-04-26 01:17:32 info: 추가한 상품:
 {
  productName: 'testName',
  category: 'testCategory',
  productPrice: 100000,
  productImage: 'test.jpg',
  stock: 10,
  _id: new ObjectId("6447fd1ca4282467b6aadb9a"),
  shortId: 'jfhv0Y',
  __v: 0
}
2023-04-26 01:20:21 info: 삭제한 상품:
 {
  _id: new ObjectId("6447fd1ca4282467b6aadb9a"),
  productName: 'testName',
  category: 'testCategory',
  productPrice: 100000,
  productImage: 'test.jpg',
  stock: 10,
  shortId: 'jfhv0Y',
  __v: 0
}
2023-04-26 01:29:35 info: 추가한 상품:
 {
  productName: 'testName',
  category: 'testCategory',
  productPrice: 100000,
  productImage: 'test.jpg',
  stock: 10,
  createdDate: 2023-04-25T16:29:20.000Z,
  _id: new ObjectId("6447ffefa500fd6cd66296b8"),
  shortId: 'IXgYnc',
  createdAt: 2023-04-25T16:29:35.391Z,
  updatedAt: 2023-04-25T16:29:35.391Z,
  __v: 0
}
2023-04-26 01:31:18 info: 삭제한 상품:
 {
  _id: new ObjectId("6447ffefa500fd6cd66296b8"),
  productName: 'testName',
  category: 'testCategory',
  productPrice: 100000,
  productImage: 'test.jpg',
  stock: 10,
  createdDate: 2023-04-25T16:29:20.000Z,
  shortId: 'IXgYnc',
  createdAt: 2023-04-25T16:29:35.391Z,
  updatedAt: 2023-04-25T16:29:35.391Z,
  __v: 0
}
2023-04-26 01:52:23 info: 추가한 상품:
 {
  productName: 'testName',
  category: 'testCategory',
  productPrice: 100000,
  productImage: 'test.jpg',
  stock: 10,
  createdDate: '() => {\n' +
    '  const m = (0, _momentTimezone.moment)().tz("Asia/Seoul");\n' +
    '  return m.format("YYYY-MM-DD");\n' +
    '}',
  _id: new ObjectId("6448054748bc79ac3e8e0569"),
  shortId: 's3uLIV',
  createdAt: 2023-04-25T16:52:23.280Z,
  updatedAt: 2023-04-25T16:52:23.280Z,
  __v: 0
}
2023-04-26 01:53:44 info: 삭제한 상품:
 {
  _id: new ObjectId("6448054748bc79ac3e8e0569"),
  productName: 'testName',
  category: 'testCategory',
  productPrice: 100000,
  productImage: 'test.jpg',
  stock: 10,
  createdDate: '() => {\n' +
    '  const m = (0, _momentTimezone.moment)().tz("Asia/Seoul");\n' +
    '  return m.format("YYYY-MM-DD");\n' +
    '}',
  shortId: 's3uLIV',
  createdAt: 2023-04-25T16:52:23.280Z,
  updatedAt: 2023-04-25T16:52:23.280Z,
  __v: 0
}
2023-04-26 02:12:22 info: 추가한 상품:
 {
  productName: 'testName',
  category: 'testCategory',
  productPrice: 100000,
  productImage: 'test.jpg',
  stock: 10,
  createdDate: '2023-04-26 02:12:22',
  _id: new ObjectId("644809f672744662db832e95"),
  shortId: 'Bfkthf',
  createdAt: 2023-04-25T17:12:22.665Z,
  updatedAt: 2023-04-25T17:12:22.665Z,
  __v: 0
}
2023-04-26 02:30:19 info: 삭제한 상품:
 {
  _id: new ObjectId("644809f672744662db832e95"),
  productName: 'testName',
  category: 'testCategory',
  productPrice: 100000,
  productImage: 'test.jpg',
  stock: 10,
  createdDate: '2023-04-26 02:12:22',
  shortId: 'Bfkthf',
  createdAt: 2023-04-25T17:12:22.665Z,
  updatedAt: 2023-04-25T17:12:22.665Z,
  __v: 0
}
2023-04-26 02:30:23 info: 추가한 상품:
 {
  productName: 'testName',
  category: 'testCategory',
  productPrice: 100000,
  productImage: 'test.jpg',
  stock: 10,
  createdDate: '2023-04-26 02:30:23',
  _id: new ObjectId("64480e2fc374465006bff539"),
  shortId: '1aFKmY',
  createdAt: 2023-04-25T17:30:23.743Z,
  updatedAt: 2023-04-25T17:30:23.743Z,
  __v: 0
}
2023-04-26 02:30:27 info: 삭제한 상품:
 {
  _id: new ObjectId("64480e2fc374465006bff539"),
  productName: 'testName',
  category: 'testCategory',
  productPrice: 100000,
  productImage: 'test.jpg',
  stock: 10,
  createdDate: '2023-04-26 02:30:23',
  shortId: '1aFKmY',
  createdAt: 2023-04-25T17:30:23.743Z,
  updatedAt: 2023-04-25T17:30:23.743Z,
  __v: 0
}
